[0503/130944.978:ERROR:process_info.cc(625)] range at 0xfffde000, size 0x230 fully unreadable
[0503/130944.986:ERROR:process_info.cc(625)] range at 0xfffdd000, size 0xf84 fully unreadable
[0503/130944.986:ERROR:process_info.cc(625)] range at 0xfffda000, size 0xf84 fully unreadable
[0503/130944.986:ERROR:process_info.cc(625)] range at 0xfffaf000, size 0xf84 fully unreadable
[0503/130944.986:ERROR:process_info.cc(625)] range at 0xfffac000, size 0xf84 fully unreadable
[0505/221559.623:ERROR:scoped_process_suspend.cc(30)] NtSuspendProcess: An attempt was made to access an exiting process.  (0xc000010a)
[0505/221559.628:ERROR:process_info.cc(116)] ReadProcessMemory bool __cdecl crashpad::`anonymous-namespace'::ReadStruct<struct crashpad::process_types::RTL_USER_PROCESS_PARAMETERS<struct crashpad::process_types::internal::Traits32>>(void *,unsigned __int64,struct crashpad::process_types::RTL_USER_PROCESS_PARAMETERS<struct crashpad::process_types::internal::Traits32> *): Only part of a ReadProcessMemory or WriteProcessMemory request was completed. (0x12B)
[0505/221559.629:ERROR:process_info.cc(559)] ReadProcessData failed
[0505/221559.629:ERROR:process_reader_win.cc(233)] ReadMemory at 0x57aa7dc8 of 12 bytes failed: Only part of a ReadProcessMemory or WriteProcessMemory request was completed. (0x12B)
[0505/221559.629:WARNING:process_snapshot_win.cc(68)] ReadMemory ExceptionInformation failed
[0505/221559.629:WARNING:crash_report_exception_handler.cc(60)] ProcessSnapshotWin::Initialize failed
[0507/220116.336:ERROR:process_info.cc(625)] range at 0xfffde000, size 0x230 fully unreadable
[0507/220116.349:ERROR:process_info.cc(625)] range at 0xfffdd000, size 0xf84 fully unreadable
[0507/220116.349:ERROR:process_info.cc(625)] range at 0xfffda000, size 0xf84 fully unreadable
[0507/220116.350:ERROR:process_info.cc(625)] range at 0xfffd7000, size 0xf84 fully unreadable
[0507/220116.350:ERROR:process_info.cc(625)] range at 0xfffaf000, size 0xf84 fully unreadable
[0507/220116.350:ERROR:process_info.cc(625)] range at 0xfffac000, size 0xf84 fully unreadable
[0507/220116.350:ERROR:process_info.cc(625)] range at 0xfffa9000, size 0xf84 fully unreadable
[0507/220116.350:ERROR:process_info.cc(625)] range at 0xfffa6000, size 0xf84 fully unreadable
[0507/220116.350:ERROR:process_info.cc(625)] range at 0xfffa3000, size 0xf84 fully unreadable
[0507/220116.350:ERROR:process_info.cc(625)] range at 0xfffa0000, size 0xf84 fully unreadable
[0507/220116.350:ERROR:process_info.cc(625)] range at 0xfff9d000, size 0xf84 fully unreadable
[0507/220116.350:ERROR:process_info.cc(625)] range at 0xfff9a000, size 0xf84 fully unreadable
[0507/220116.350:ERROR:process_info.cc(625)] range at 0xfff97000, size 0xf84 fully unreadable
[0507/220116.409:ERROR:process_reader_win.cc(233)] ReadMemory at 0x295000 of 45056 bytes failed: Only part of a ReadProcessMemory or WriteProcessMemory request was completed. (0x12B)
[0507/220116.410:ERROR:crash_report_exception_handler.cc(111)] WriteEverything failed
[0507/220116.411:ERROR:scoped_process_suspend.cc(38)] NtResumeProcess: An attempt was made to access an exiting process.  (0xc000010a)
